<?xml version="1.0" encoding="UTF-8"?>
<!-- Generated by org.testng.reporters.JUnitReportReporter -->
<testsuite skipped="0" hostname="IN-2N88TT2" name="org.test.DemoTest" tests="2" failures="0" timestamp="21 Aug 2021 18:56:08 GMT" time="14.843" errors="0">
  <testcase name="flightTest" time="7.300" classname="org.test.DemoTest"/>
  <testcase name="flightTest" time="7.543" classname="org.test.DemoTest"/>
</testsuite> <!-- org.test.DemoTest -->
